<?xml version="1.0" encoding="UTF-8"?>
<!-- Generated by org.testng.reporters.JUnitXMLReporter -->
<testsuite ignored="0" hostname="LAPTOP-MA3UARO9" failures="0" tests="7" name="parallel" time="138.57" errors="0" timestamp="2025-02-17T11:45:21 IST">
  <testcase classname="com.qa.pagetest.LoginPageTest" name="NavigateContact" time="8.255"/>
  <testcase classname="com.qa.pagetest.LoginPageTest" name="Verify_login" time="3.486"/>
  <testcase classname="com.qa.pagetest.LoginPageTest" name="Verify_logo" time="0.076"/>
  <testcase classname="com.qa.pagetest.LoginPageTest" name="verify_title" time="0.022"/>
  <testcase classname="com.qa.pagetest.ContactsPageTest" name="navigate_forgot" time="4.356"/>
  <testcase classname="com.qa.pagetest.ContactsPageTest" name="verify_contact" time="0.04"/>
  <testcase classname="com.qa.pagetest.ForgotPageTest" name="Enter_text" time="0.092"/>
</testsuite> <!-- parallel -->
